<?xml version="1.0" encoding="UTF-8"?>
<testng-results ignored="0" total="1" passed="1" failed="0" skipped="0">
  <reporter-output>
  </reporter-output>
  <suite started-at="2025-09-13T19:31:08 IST" name="All Test Suite" finished-at="2025-09-13T19:31:17 IST" duration-ms="8853">
    <groups>
      <group name="Master">
        <method signature="LoginTest.verify_login()[pri:0, instance:testCases.LoginTest@5ace1ed4]" name="verify_login" class="testCases.LoginTest"/>
      </group> <!-- Master -->
      <group name="Sanity">
        <method signature="LoginTest.verify_login()[pri:0, instance:testCases.LoginTest@5ace1ed4]" name="verify_login" class="testCases.LoginTest"/>
      </group> <!-- Sanity -->
    </groups>
    <test started-at="2025-09-13T19:31:08 IST" name="chrometest" finished-at="2025-09-13T19:31:17 IST" duration-ms="8853">
      <class name="testCases.LoginTest">
        <test-method is-config="true" signature="setup(java.lang.String)[pri:0, instance:testCases.LoginTest@5ace1ed4]" started-at="2025-09-13T19:31:09 IST" name="setup" finished-at="2025-09-13T19:31:14 IST" duration-ms="5462" status="PASS">
          <params>
            <param index="0">
              <value>
                <![CDATA[chrome]]>
              </value>
            </param>
          </params>
          <reporter-output>
          </reporter-output>
        </test-method> <!-- setup -->
        <test-method signature="verify_login()[pri:0, instance:testCases.LoginTest@5ace1ed4]" started-at="2025-09-13T19:31:14 IST" name="verify_login" finished-at="2025-09-13T19:31:17 IST" duration-ms="2224" status="PASS">
          <reporter-output>
          </reporter-output>
        </test-method> <!-- verify_login -->
        <test-method is-config="true" signature="tearDown()[pri:0, instance:testCases.LoginTest@5ace1ed4]" started-at="2025-09-13T19:31:17 IST" name="tearDown" finished-at="2025-09-13T19:31:17 IST" duration-ms="519" status="PASS">
          <reporter-output>
          </reporter-output>
        </test-method> <!-- tearDown -->
      </class> <!-- testCases.LoginTest -->
    </test> <!-- chrometest -->
  </suite> <!-- All Test Suite -->
</testng-results>
